<?xml version="1.0" encoding="UTF-8"?>
<testng-results ignored="0" total="10" passed="10" failed="0" skipped="0">
  <reporter-output>
  </reporter-output>
  <suite started-at="2023-01-18T05:47:33Z" name="Default suite" finished-at="2023-01-18T05:49:07Z" duration-ms="94142">
    <groups>
      <group name="cucumber">
        <method signature="AbstractTestNGCucumberTests.runScenario(io.cucumber.testng.PickleEventWrapper, io.cucumber.testng.CucumberFeatureWrapper)[pri:0, instance:org.runner.Runner@6cc558c6]" name="runScenario" class="io.cucumber.testng.AbstractTestNGCucumberTests"/>
      </group> <!-- cucumber -->
    </groups>
    <test started-at="2023-01-18T05:47:33Z" name="Default test" finished-at="2023-01-18T05:49:07Z" duration-ms="94142">
      <class name="org.runner.Runner">
        <test-method is-config="true" signature="setUpClass()[pri:0, instance:org.runner.Runner@6cc558c6]" started-at="2023-01-18T05:47:33Z" name="setUpClass" finished-at="2023-01-18T05:47:34Z" duration-ms="718" status="PASS">
          <reporter-output>
          </reporter-output>
        </test-method> <!-- setUpClass -->
        <test-method signature="runScenario(io.cucumber.testng.PickleEventWrapper, io.cucumber.testng.CucumberFeatureWrapper)[pri:0, instance:org.runner.Runner@6cc558c6]" started-at="2023-01-18T05:47:34Z" name="runScenario" description="Runs Cucumber Scenarios" data-provider="scenarios" finished-at="2023-01-18T05:47:46Z" duration-ms="11562" status="PASS">
          <params>
            <param index="0">
              <value>
                <![CDATA["To validate SalesIntel application Launching application"]]>
              </value>
            </param>
            <param index="1">
              <value>
                <![CDATA["Validate application login Page"]]>
              </value>
            </param>
          </params>
          <reporter-output>
          </reporter-output>
        </test-method> <!-- runScenario -->
        <test-method signature="runScenario(io.cucumber.testng.PickleEventWrapper, io.cucumber.testng.CucumberFeatureWrapper)[pri:0, instance:org.runner.Runner@6cc558c6]" started-at="2023-01-18T05:47:46Z" name="runScenario" description="Runs Cucumber Scenarios" data-provider="scenarios" finished-at="2023-01-18T05:47:46Z" duration-ms="299" status="PASS">
          <params>
            <param index="0">
              <value>
                <![CDATA["To validate SalesIntel application Login Screen Content"]]>
              </value>
            </param>
            <param index="1">
              <value>
                <![CDATA["Validate application login Page"]]>
              </value>
            </param>
          </params>
          <reporter-output>
          </reporter-output>
        </test-method> <!-- runScenario -->
        <test-method signature="runScenario(io.cucumber.testng.PickleEventWrapper, io.cucumber.testng.CucumberFeatureWrapper)[pri:0, instance:org.runner.Runner@6cc558c6]" started-at="2023-01-18T05:47:46Z" name="runScenario" description="Runs Cucumber Scenarios" data-provider="scenarios" finished-at="2023-01-18T05:47:56Z" duration-ms="10150" status="PASS">
          <params>
            <param index="0">
              <value>
                <![CDATA["To validate SalesIntel application Tapping only Login Button"]]>
              </value>
            </param>
            <param index="1">
              <value>
                <![CDATA["Validate application login Page"]]>
              </value>
            </param>
          </params>
          <reporter-output>
          </reporter-output>
        </test-method> <!-- runScenario -->
        <test-method signature="runScenario(io.cucumber.testng.PickleEventWrapper, io.cucumber.testng.CucumberFeatureWrapper)[pri:0, instance:org.runner.Runner@6cc558c6]" started-at="2023-01-18T05:47:56Z" name="runScenario" description="Runs Cucumber Scenarios" data-provider="scenarios" finished-at="2023-01-18T05:48:06Z" duration-ms="10337" status="PASS">
          <params>
            <param index="0">
              <value>
                <![CDATA["To validate SalesIntel application Login with Invalid Username and Valid Password"]]>
              </value>
            </param>
            <param index="1">
              <value>
                <![CDATA["Validate application login Page"]]>
              </value>
            </param>
          </params>
          <reporter-output>
          </reporter-output>
        </test-method> <!-- runScenario -->
        <test-method signature="runScenario(io.cucumber.testng.PickleEventWrapper, io.cucumber.testng.CucumberFeatureWrapper)[pri:0, instance:org.runner.Runner@6cc558c6]" started-at="2023-01-18T05:48:06Z" name="runScenario" description="Runs Cucumber Scenarios" data-provider="scenarios" finished-at="2023-01-18T05:48:19Z" duration-ms="12393" status="PASS">
          <params>
            <param index="0">
              <value>
                <![CDATA["To validate SalesIntel application Login with Valid Username and Invalid Password"]]>
              </value>
            </param>
            <param index="1">
              <value>
                <![CDATA["Validate application login Page"]]>
              </value>
            </param>
          </params>
          <reporter-output>
          </reporter-output>
        </test-method> <!-- runScenario -->
        <test-method signature="runScenario(io.cucumber.testng.PickleEventWrapper, io.cucumber.testng.CucumberFeatureWrapper)[pri:0, instance:org.runner.Runner@6cc558c6]" started-at="2023-01-18T05:48:19Z" name="runScenario" description="Runs Cucumber Scenarios" data-provider="scenarios" finished-at="2023-01-18T05:48:29Z" duration-ms="10338" status="PASS">
          <params>
            <param index="0">
              <value>
                <![CDATA["To validate SalesIntel application Login with Invalid Username and Invalid Password"]]>
              </value>
            </param>
            <param index="1">
              <value>
                <![CDATA["Validate application login Page"]]>
              </value>
            </param>
          </params>
          <reporter-output>
          </reporter-output>
        </test-method> <!-- runScenario -->
        <test-method signature="runScenario(io.cucumber.testng.PickleEventWrapper, io.cucumber.testng.CucumberFeatureWrapper)[pri:0, instance:org.runner.Runner@6cc558c6]" started-at="2023-01-18T05:48:29Z" name="runScenario" description="Runs Cucumber Scenarios" data-provider="scenarios" finished-at="2023-01-18T05:48:46Z" duration-ms="16435" status="PASS">
          <params>
            <param index="0">
              <value>
                <![CDATA["To validate SalesIntel application Forget Password"]]>
              </value>
            </param>
            <param index="1">
              <value>
                <![CDATA["Validate application login Page"]]>
              </value>
            </param>
          </params>
          <reporter-output>
          </reporter-output>
        </test-method> <!-- runScenario -->
        <test-method signature="runScenario(io.cucumber.testng.PickleEventWrapper, io.cucumber.testng.CucumberFeatureWrapper)[pri:0, instance:org.runner.Runner@6cc558c6]" started-at="2023-01-18T05:48:46Z" name="runScenario" description="Runs Cucumber Scenarios" data-provider="scenarios" finished-at="2023-01-18T05:48:46Z" duration-ms="93" status="PASS">
          <params>
            <param index="0">
              <value>
                <![CDATA["To validate SalesIntel application Remember Me"]]>
              </value>
            </param>
            <param index="1">
              <value>
                <![CDATA["Validate application login Page"]]>
              </value>
            </param>
          </params>
          <reporter-output>
          </reporter-output>
        </test-method> <!-- runScenario -->
        <test-method signature="runScenario(io.cucumber.testng.PickleEventWrapper, io.cucumber.testng.CucumberFeatureWrapper)[pri:0, instance:org.runner.Runner@6cc558c6]" started-at="2023-01-18T05:48:46Z" name="runScenario" description="Runs Cucumber Scenarios" data-provider="scenarios" finished-at="2023-01-18T05:48:58Z" duration-ms="12348" status="PASS">
          <params>
            <param index="0">
              <value>
                <![CDATA["To validate SalesIntel application Valid User Username and Valid Password"]]>
              </value>
            </param>
            <param index="1">
              <value>
                <![CDATA["Validate application login Page"]]>
              </value>
            </param>
          </params>
          <reporter-output>
          </reporter-output>
        </test-method> <!-- runScenario -->
        <test-method signature="runScenario(io.cucumber.testng.PickleEventWrapper, io.cucumber.testng.CucumberFeatureWrapper)[pri:0, instance:org.runner.Runner@6cc558c6]" started-at="2023-01-18T05:48:58Z" name="runScenario" description="Runs Cucumber Scenarios" data-provider="scenarios" finished-at="2023-01-18T05:49:06Z" duration-ms="8403" status="PASS">
          <params>
            <param index="0">
              <value>
                <![CDATA["To validate application Logout"]]>
              </value>
            </param>
            <param index="1">
              <value>
                <![CDATA["Validate application login Page"]]>
              </value>
            </param>
          </params>
          <reporter-output>
          </reporter-output>
        </test-method> <!-- runScenario -->
        <test-method is-config="true" signature="tearDownClass()[pri:0, instance:org.runner.Runner@6cc558c6]" started-at="2023-01-18T05:49:06Z" name="tearDownClass" finished-at="2023-01-18T05:49:07Z" duration-ms="921" status="PASS">
          <reporter-output>
          </reporter-output>
        </test-method> <!-- tearDownClass -->
        <test-method is-config="true" signature="cucumberReportGenerate()[pri:0, instance:org.runner.Runner@6cc558c6]" started-at="2023-01-18T05:49:07Z" name="cucumberReportGenerate" finished-at="2023-01-18T05:49:09Z" duration-ms="1539" status="PASS">
          <reporter-output>
          </reporter-output>
        </test-method> <!-- cucumberReportGenerate -->
      </class> <!-- org.runner.Runner -->
    </test> <!-- Default test -->
  </suite> <!-- Default suite -->
</testng-results>
